<?xml version="1.0" encoding="UTF-8"?>
<!-- Generated by org.testng.reporters.JUnitReportReporter -->
<testsuite skipped="0" hostname="VR" name="testcases.Day3_MakeMyTrip" tests="1" failures="0" timestamp="17 Apr 2020 12:34:59 GMT" time="50.960" errors="0">
  <testcase name="hotelBoooking" time="50.960" classname="testcases.Day3_MakeMyTrip"/>
</testsuite> <!-- testcases.Day3_MakeMyTrip -->
