<?xml version="1.0" encoding="UTF-8"?>
<!-- Generated by org.testng.reporters.JUnitReportReporter -->
<testsuite skipped="0" hostname="VR" name="testcases.TestCase1" tests="1" failures="0" timestamp="15 Apr 2020 12:21:31 GMT" time="75.484" errors="0">
  <testcase name="womenCoatAndJackets" time="75.484" classname="testcases.TestCase1"/>
</testsuite> <!-- testcases.TestCase1 -->
