<?xml version="1.0" encoding="UTF-8"?>
<!-- Generated by org.testng.reporters.JUnitReportReporter -->
<testsuite skipped="0" hostname="VR" name="testcases.Day3_MakeMyTrip" tests="1" failures="0" timestamp="17 Apr 2020 15:20:54 GMT" time="53.287" errors="0">
  <testcase name="hotelBoooking" time="53.287" classname="testcases.Day3_MakeMyTrip"/>
</testsuite> <!-- testcases.Day3_MakeMyTrip -->
