<?xml version="1.0" encoding="UTF-8"?>
<!-- Generated by org.testng.reporters.JUnitReportReporter -->
<testsuite skipped="0" hostname="VR" name="testcases.Day1_Myntra" tests="1" failures="0" timestamp="16 Apr 2020 03:06:23 GMT" time="34.457" errors="0">
  <testcase name="womenCoatAndJackets" time="34.457" classname="testcases.Day1_Myntra"/>
</testsuite> <!-- testcases.Day1_Myntra -->
