<?xml version="1.0" encoding="UTF-8"?>
<!-- Generated by org.testng.reporters.JUnitReportReporter -->
<testsuite skipped="0" hostname="VR" name="testcases.Day2_Nykaa" tests="1" failures="0" timestamp="15 Apr 2020 17:26:04 GMT" time="64.865" errors="0">
  <testcase name="nykaaAddProduct" time="64.865" classname="testcases.Day2_Nykaa"/>
</testsuite> <!-- testcases.Day2_Nykaa -->
